2023-12-15 11:43:00,976 - common_utils.logger_config - INFO - successfully loaded csv file
2023-12-15 11:43:00,977 - common_utils.logger_config - INFO - output file name mockdata.csv
2023-12-15 11:43:00,978 - common_utils.logger_config - INFO - successfully loaded delimited file
2023-12-15 11:43:00,978 - common_utils.logger_config - INFO - output file name delimter.csv
2023-12-15 11:46:23,146 - common_utils.logger_config - INFO - successfully loaded csv file
2023-12-15 11:46:23,146 - common_utils.logger_config - INFO - Column_names:Index(['name', 'company', 'Date_of_birth'], dtype='object')
2023-12-15 11:46:23,147 - common_utils.logger_config - INFO - output file name mockdata.csv
2023-12-15 11:46:23,148 - common_utils.logger_config - INFO - successfully loaded delimited file
2023-12-15 11:46:23,148 - common_utils.logger_config - INFO - Column_names:Index(['name', 'company', 'Date_of_birth'], dtype='object')
2023-12-15 11:46:23,149 - common_utils.logger_config - INFO - output file name delimter.csv
2023-12-15 11:47:08,155 - common_utils.logger_config - INFO - successfully loaded csv file
2023-12-15 11:47:08,161 - common_utils.logger_config - INFO - Column_names:               name          company Date_of_birth
0  Elizabeth Little  Johnson-Fischer    1979-12-27
2023-12-15 11:47:08,161 - common_utils.logger_config - INFO - output file name mockdata.csv
2023-12-15 11:47:08,164 - common_utils.logger_config - INFO - successfully loaded delimited file
2023-12-15 11:47:08,165 - common_utils.logger_config - INFO - Column_names:Index(['name', 'company', 'Date_of_birth'], dtype='object')
2023-12-15 11:47:08,165 - common_utils.logger_config - INFO - output file name delimter.csv
2023-12-15 11:47:40,910 - common_utils.logger_config - INFO - successfully loaded csv file
2023-12-15 11:47:40,910 - common_utils.logger_config - INFO - output file name mockdata.csv
2023-12-15 11:47:40,911 - common_utils.logger_config - INFO - successfully loaded delimited file
2023-12-15 11:47:40,911 - common_utils.logger_config - INFO - output file name delimter.csv
2023-12-15 11:56:47,690 - common_utils.logger_config - INFO - successfully loaded csv file
2023-12-15 11:56:47,691 - common_utils.logger_config - INFO - output file name mockdata.csv
2023-12-15 11:56:47,692 - common_utils.logger_config - INFO - successfully loaded delimited file
2023-12-15 11:56:47,692 - common_utils.logger_config - INFO - output file name delimter.csv
2023-12-15 11:56:47,812 - common_utils.logger_config - INFO - successfully loaded excel file
2023-12-15 11:56:47,813 - common_utils.logger_config - INFO - output file name mockdata.xlsx
2023-12-15 12:02:03,432 - common_utils.logger_config - INFO - successfully loaded csv file
2023-12-15 12:02:03,433 - common_utils.logger_config - INFO - output file name mockdata.csv
2023-12-15 12:02:03,433 - common_utils.logger_config - INFO - successfully loaded delimited file
2023-12-15 12:02:03,434 - common_utils.logger_config - INFO - output file name delimter.csv
2023-12-15 12:02:03,574 - common_utils.logger_config - INFO - successfully loaded excel file
2023-12-15 12:02:03,575 - common_utils.logger_config - INFO - output file name mockdata.xlsx
2023-12-15 12:02:03,665 - common_utils.logger_config - INFO - successfully loaded parquet file
2023-12-15 12:02:03,666 - common_utils.logger_config - INFO - output file name mockdata.parquet
2023-12-15 12:02:31,185 - common_utils.logger_config - INFO - successfully loaded csv file
2023-12-15 12:02:31,186 - common_utils.logger_config - INFO - output file name mockdata.csv
2023-12-15 12:02:31,187 - common_utils.logger_config - INFO - successfully loaded delimited file
2023-12-15 12:02:31,187 - common_utils.logger_config - INFO - output file name delimter.csv
2023-12-15 12:02:31,302 - common_utils.logger_config - INFO - successfully loaded excel file
2023-12-15 12:02:31,302 - common_utils.logger_config - INFO - output file name mockdata.xlsx
2023-12-15 12:02:31,371 - common_utils.logger_config - INFO - successfully loaded parquet file
2023-12-15 12:02:31,381 - common_utils.logger_config - INFO - output file name mockdata.parquet
2023-12-15 12:05:09,406 - common_utils.logger_config - INFO - successfully loaded csv file
2023-12-15 12:05:09,406 - common_utils.logger_config - INFO - output file name mockdata.csv
2023-12-15 12:05:09,407 - common_utils.logger_config - INFO - successfully loaded delimited file
2023-12-15 12:05:09,407 - common_utils.logger_config - INFO - output file name delimter.csv
2023-12-15 12:05:09,513 - common_utils.logger_config - INFO - successfully loaded excel file
2023-12-15 12:05:09,513 - common_utils.logger_config - INFO - output file name mockdata.xlsx
2023-12-15 12:05:09,554 - common_utils.logger_config - INFO - successfully loaded parquet file
2023-12-15 12:05:09,555 - common_utils.logger_config - INFO - output file name mockdata.parquet
2023-12-15 12:16:36,848 - common_utils.logger_config - INFO - successfully loaded csv file
2023-12-15 12:16:36,848 - common_utils.logger_config - INFO - output file name mockdata.csv
2023-12-15 12:16:36,849 - common_utils.logger_config - INFO - successfully loaded delimited file
2023-12-15 12:16:36,849 - common_utils.logger_config - INFO - output file name delimter.csv
2023-12-15 12:16:36,971 - common_utils.logger_config - INFO - successfully loaded excel file
2023-12-15 12:16:36,971 - common_utils.logger_config - INFO - output file name mockdata.xlsx
2023-12-15 12:16:37,025 - common_utils.logger_config - INFO - successfully loaded parquet file
2023-12-15 12:16:37,025 - common_utils.logger_config - INFO - output file name mockdata.parquet
2023-12-15 12:16:37,046 - common_utils.logger_config - INFO - successfully loaded json file
2023-12-15 12:16:37,046 - common_utils.logger_config - INFO - output file name mockdata.json
2023-12-15 12:16:51,995 - common_utils.logger_config - INFO - successfully loaded csv file
2023-12-15 12:16:51,996 - common_utils.logger_config - INFO - output file name mockdata.csv
2023-12-15 12:16:52,002 - common_utils.logger_config - INFO - successfully loaded delimited file
2023-12-15 12:16:52,002 - common_utils.logger_config - INFO - output file name delimter.csv
2023-12-15 12:16:52,111 - common_utils.logger_config - INFO - successfully loaded excel file
2023-12-15 12:16:52,112 - common_utils.logger_config - INFO - output file name mockdata.xlsx
2023-12-15 12:16:52,152 - common_utils.logger_config - INFO - successfully loaded parquet file
2023-12-15 12:16:52,152 - common_utils.logger_config - INFO - output file name mockdata.parquet
2023-12-15 12:16:52,155 - common_utils.logger_config - INFO - successfully loaded json file
2023-12-15 12:16:52,159 - common_utils.logger_config - INFO - output file name mockdata.json
2023-12-15 12:25:56,103 - common_utils.logger_config - INFO - successfully loaded csv file
2023-12-15 12:25:56,104 - common_utils.logger_config - INFO - output file name mockdata.csv
2023-12-15 12:25:56,105 - common_utils.logger_config - INFO - successfully loaded delimited file
2023-12-15 12:25:56,106 - common_utils.logger_config - INFO - output file name delimter.csv
2023-12-15 12:25:56,239 - common_utils.logger_config - INFO - successfully loaded excel file
2023-12-15 12:25:56,239 - common_utils.logger_config - INFO - output file name mockdata.xlsx
2023-12-15 12:25:56,283 - common_utils.logger_config - INFO - successfully loaded parquet file
2023-12-15 12:25:56,283 - common_utils.logger_config - INFO - output file name mockdata.parquet
2023-12-15 12:25:56,288 - common_utils.logger_config - INFO - successfully loaded json file
2023-12-15 12:25:56,294 - common_utils.logger_config - INFO - output file name mockdata.json
2023-12-15 12:26:58,253 - common_utils.logger_config - INFO - successfully loaded csv file
2023-12-15 12:26:58,253 - common_utils.logger_config - INFO - output file name mockdata.csv
2023-12-15 12:26:58,255 - common_utils.logger_config - INFO - successfully loaded delimited file
2023-12-15 12:26:58,255 - common_utils.logger_config - INFO - output file name delimter.csv
2023-12-15 12:26:58,385 - common_utils.logger_config - INFO - successfully loaded excel file
2023-12-15 12:26:58,386 - common_utils.logger_config - INFO - output file name mockdata.xlsx
2023-12-15 12:26:58,433 - common_utils.logger_config - INFO - successfully loaded parquet file
2023-12-15 12:26:58,434 - common_utils.logger_config - INFO - output file name mockdata.parquet
2023-12-15 12:26:58,438 - common_utils.logger_config - INFO - successfully loaded json file
2023-12-15 12:26:58,442 - common_utils.logger_config - INFO - output file name mockdata.json
2023-12-15 12:27:34,676 - common_utils.logger_config - INFO - successfully loaded csv file
2023-12-15 12:27:34,676 - common_utils.logger_config - INFO - output file name mockdata.csv
2023-12-15 12:27:34,677 - common_utils.logger_config - INFO - successfully loaded delimited file
2023-12-15 12:27:34,682 - common_utils.logger_config - INFO - output file name delimter.csv
2023-12-15 12:27:34,785 - common_utils.logger_config - INFO - successfully loaded excel file
2023-12-15 12:27:34,785 - common_utils.logger_config - INFO - output file name mockdata.xlsx
2023-12-15 12:27:34,821 - common_utils.logger_config - INFO - successfully loaded parquet file
2023-12-15 12:27:34,822 - common_utils.logger_config - INFO - output file name mockdata.parquet
2023-12-15 12:27:34,826 - common_utils.logger_config - INFO - successfully loaded json file
2023-12-15 12:27:34,827 - common_utils.logger_config - INFO - output file name mockdata.json
2023-12-15 12:27:49,384 - common_utils.logger_config - INFO - successfully loaded csv file
2023-12-15 12:27:49,384 - common_utils.logger_config - INFO - output file name mockdata.csv
2023-12-15 12:27:49,385 - common_utils.logger_config - INFO - successfully loaded delimited file
2023-12-15 12:27:49,385 - common_utils.logger_config - INFO - output file name delimter.csv
2023-12-15 12:27:49,504 - common_utils.logger_config - INFO - successfully loaded excel file
2023-12-15 12:27:49,505 - common_utils.logger_config - INFO - output file name mockdata.xlsx
2023-12-15 12:27:49,569 - common_utils.logger_config - INFO - successfully loaded parquet file
2023-12-15 12:27:49,569 - common_utils.logger_config - INFO - output file name mockdata.parquet
2023-12-15 12:27:49,576 - common_utils.logger_config - INFO - successfully loaded json file
2023-12-15 12:27:49,577 - common_utils.logger_config - INFO - output file name mockdata.json
